<?xml version="1.0" encoding="UTF-8"?>
<testng-results skipped="0" failed="0" ignored="0" total="1" passed="1">
  <reporter-output>
  </reporter-output>
  <suite name="Default suite" duration-ms="61" started-at="2021-01-21T19:44:43 IST" finished-at="2021-01-21T19:44:43 IST">
    <groups>
    </groups>
    <test name="Default test" duration-ms="61" started-at="2021-01-21T19:44:43 IST" finished-at="2021-01-21T19:44:43 IST">
      <class name="GIT.CI.TestCase1">
        <test-method status="PASS" signature="homePage()[pri:0, instance:GIT.CI.TestCase1@30b8a058]" name="homePage" duration-ms="12" started-at="2021-01-21T19:44:43 IST" finished-at="2021-01-21T19:44:43 IST">
          <reporter-output>
          </reporter-output>
        </test-method> <!-- homePage -->
      </class> <!-- GIT.CI.TestCase1 -->
    </test> <!-- Default test -->
  </suite> <!-- Default suite -->
</testng-results>
